<?xml version="1.0" encoding="UTF-8"?>
<!-- Generated by org.testng.reporters.JUnitReportReporter -->
<testsuite skipped="0" hostname="user-PC" name="TestNGScripts.LoginUser" tests="1" failures="0" timestamp="03 Jun 2020 13:07:48 GMT" time="22.185" errors="0">
  <testcase name="loginApp" time="22.185" classname="TestNGScripts.LoginUser"/>
</testsuite> <!-- TestNGScripts.LoginUser -->
